[20:55:18] [main/INFO] (FabricLoader/GameProvider) Loading Minecraft 1.20.4 with Fabric Loader 0.15.3
[20:55:18] [main/INFO] (FabricLoader) Loading 56 mods:
	- ersambucone 1.0.0
	- fabric-api 0.91.3+1.20.4
	- fabric-api-base 0.4.35+78d798af4f
	- fabric-api-lookup-api-v1 1.6.45+78d798af4f
	- fabric-biome-api-v1 13.0.15+78d798af4f
	- fabric-block-api-v1 1.0.14+78d798af4f
	- fabric-block-view-api-v2 1.0.3+78d798af4f
	- fabric-blockrenderlayer-v1 1.1.45+78d798af4f
	- fabric-client-tags-api-v1 1.1.6+78d798af4f
	- fabric-command-api-v1 1.2.40+f71b366f4f
	- fabric-command-api-v2 2.2.19+78d798af4f
	- fabric-commands-v0 0.2.57+df3654b34f
	- fabric-containers-v0 0.1.81+df3654b34f
	- fabric-content-registries-v0 5.0.9+78d798af4f
	- fabric-convention-tags-v1 1.5.9+78d798af4f
	- fabric-crash-report-info-v1 0.2.22+78d798af4f
	- fabric-data-generation-api-v1 13.1.17+78d798af4f
	- fabric-dimensions-v1 2.1.60+78d798af4f
	- fabric-entity-events-v1 1.5.28+4ced05924f
	- fabric-events-interaction-v0 0.6.14+78d798af4f
	- fabric-events-lifecycle-v0 0.2.71+df3654b34f
	- fabric-game-rule-api-v1 1.0.45+78d798af4f
	- fabric-gametest-api-v1 1.2.19+78d798af4f
	- fabric-item-api-v1 2.1.34+78d798af4f
	- fabric-item-group-api-v1 4.0.20+78d798af4f
	- fabric-key-binding-api-v1 1.0.40+78d798af4f
	- fabric-keybindings-v0 0.2.38+df3654b34f
	- fabric-lifecycle-events-v1 2.2.29+78d798af4f
	- fabric-loot-api-v2 2.1.4+78d798af4f
	- fabric-message-api-v1 6.0.4+78d798af4f
	- fabric-mining-level-api-v1 2.1.59+78d798af4f
	- fabric-model-loading-api-v1 1.0.7+78d798af4f
	- fabric-models-v0 0.4.6+9386d8a74f
	- fabric-networking-api-v1 3.1.2+78d798af4f
	- fabric-object-builder-api-v1 13.0.7+78d798af4f
	- fabric-particles-v1 1.1.6+78d798af4f
	- fabric-recipe-api-v1 2.0.15+78d798af4f
	- fabric-registry-sync-v0 4.0.13+78d798af4f
	- fabric-renderer-api-v1 3.2.3+78d798af4f
	- fabric-renderer-indigo 1.5.3+78d798af4f
	- fabric-renderer-registries-v1 3.2.50+df3654b34f
	- fabric-rendering-data-attachment-v1 0.3.41+73761d2e4f
	- fabric-rendering-fluids-v1 3.0.32+78d798af4f
	- fabric-rendering-v0 1.1.53+df3654b34f
	- fabric-rendering-v1 3.0.12+78d798af4f
	- fabric-resource-conditions-api-v1 2.3.13+78d798af4f
	- fabric-resource-loader-v0 0.11.15+78d798af4f
	- fabric-screen-api-v1 2.0.16+78d798af4f
	- fabric-screen-handler-api-v1 1.3.50+78d798af4f
	- fabric-sound-api-v1 1.0.16+78d798af4f
	- fabric-transfer-api-v1 4.0.6+78d798af4f
	- fabric-transitive-access-wideners-v1 5.0.13+78d798af4f
	- fabricloader 0.15.3
	- java 17
	- minecraft 1.20.4
	- mixinextras 0.3.2
[20:55:19] [main/INFO] (FabricLoader/Mixin) SpongePowered MIXIN Subsystem Version=0.8.5 Source=file:/C:/Users/boston/.gradle/caches/modules-2/files-2.1/net.fabricmc/sponge-mixin/0.12.5+mixin.0.8.5/8d31fb97c3e0cd7c8dad3441851c523bcfae6d8e/sponge-mixin-0.12.5+mixin.0.8.5.jar Service=Knot/Fabric Env=CLIENT
[20:55:19] [main/INFO] (FabricLoader/Mixin) Loaded Fabric development mappings for mixin remapper!
[20:55:19] [main/INFO] (FabricLoader/Mixin) Compatibility level set to JAVA_17
[20:55:21] [main/INFO] (FabricLoader/MixinExtras|Service) Initializing MixinExtras via com.llamalad7.mixinextras.service.MixinExtrasServiceImpl(version=0.3.2).
[20:55:27] [Datafixer Bootstrap/INFO] (Minecraft) 198 Datafixer optimizations took 185 milliseconds
[20:55:30] [Render thread/INFO] (Minecraft) Environment: Environment[sessionHost=https://sessionserver.mojang.com, servicesHost=https://api.minecraftservices.com, name=PROD]
[20:55:30] [Render thread/INFO] (Minecraft) Setting user: Player815
[20:55:31] [Render thread/INFO] (fabric-networking-api-v1) Force Packet Serialization is enabled to mimic remote connection on single player, this is the default behaviour on dev env. Add -Dfabric-api.networking.force-packet-serialization=false JVM arg to disable it.
[20:55:31] [Render thread/INFO] (Minecraft) [STDOUT]: [ErSambucone Client] Mod inizializzata
[20:55:31] [Render thread/INFO] (Minecraft) [STDOUT]: [2025-06-03 20:55:31] [INFO] [ErSambucone] Logger initialized
[20:55:31] [Render thread/INFO] (Minecraft) [STDOUT]: [2025-06-03 20:55:31] [INFO] [ErSambucone] Initializing Er Sambucone Client v1.0.0
[20:55:31] [Render thread/INFO] (Minecraft) [STDOUT]: [2025-06-03 20:55:31] [INFO] [ErSambucone] Registering modules...
[20:55:31] [Render thread/INFO] (Minecraft) [STDOUT]: [2025-06-03 20:55:31] [INFO] [ErSambucone] Successfully registered 12 modules
[20:55:31] [Render thread/INFO] (Minecraft) [STDOUT]: [2025-06-03 20:55:31] [INFO] [ErSambucone] Registered 12 modules
[20:55:31] [Download-2/ERROR] (Minecraft) Failed to fetch user properties
com.mojang.authlib.exceptions.InvalidCredentialsException: Status: 401
	at com.mojang.authlib.exceptions.MinecraftClientHttpException.toAuthenticationException(MinecraftClientHttpException.java:59) ~[authlib-6.0.52.jar:?]
	at com.mojang.authlib.yggdrasil.YggdrasilUserApiService.fetchProperties(YggdrasilUserApiService.java:150) ~[authlib-6.0.52.jar:?]
	at net.minecraft.client.MinecraftClient.method_55608(MinecraftClient.java:467) ~[minecraft-merged-1f338b2c9f-1.20.4-net.fabricmc.yarn.1_20_4.1.20.4+build.3-v2.jar:?]
	at java.util.concurrent.CompletableFuture$AsyncSupply.run(CompletableFuture.java:1768) ~[?:?]
	at java.util.concurrent.ThreadPoolExecutor.runWorker(ThreadPoolExecutor.java:1136) ~[?:?]
	at java.util.concurrent.ThreadPoolExecutor$Worker.run(ThreadPoolExecutor.java:635) ~[?:?]
	at java.lang.Thread.run(Thread.java:840) ~[?:?]
Caused by: com.mojang.authlib.exceptions.MinecraftClientHttpException: Status: 401
	at com.mojang.authlib.minecraft.client.MinecraftClient.readInputStream(MinecraftClient.java:100) ~[authlib-6.0.52.jar:?]
	at com.mojang.authlib.minecraft.client.MinecraftClient.get(MinecraftClient.java:57) ~[authlib-6.0.52.jar:?]
	at com.mojang.authlib.yggdrasil.YggdrasilUserApiService.fetchProperties(YggdrasilUserApiService.java:121) ~[authlib-6.0.52.jar:?]
	... 5 more
[20:55:31] [Render thread/INFO] (Minecraft) [STDOUT]: [2025-06-03 20:55:31] [INFO] [ErSambucone] HUD registered successfully
[20:55:31] [Render thread/INFO] (Minecraft) [STDOUT]: [2025-06-03 20:55:31] [INFO] [ErSambucone] Client initialized in 58ms
[20:55:31] [pool-4-thread-1/INFO] (Minecraft) [STDOUT]: [2025-06-03 20:55:31] [INFO] [ErSambucone] Loaded macros successfully
[20:55:31] [pool-4-thread-1/INFO] (Minecraft) [STDOUT]: [2025-06-03 20:55:31] [INFO] [ErSambucone] Macros loaded successfully
[20:55:31] [Render thread/INFO] (Indigo) [Indigo] Registering Indigo renderer!
[20:55:31] [Render thread/INFO] (Minecraft) Backend library: LWJGL version 3.3.2-snapshot
[20:55:33] [Render thread/INFO] (Minecraft) Reloading ResourceManager: vanilla, fabric (fabric-content-registries-v0, fabric-biome-api-v1, fabric-object-builder-api-v1, fabric-rendering-fluids-v1, fabric-recipe-api-v1, fabric-renderer-api-v1, fabric-loot-api-v2, fabric-block-api-v1, fabric-crash-report-info-v1, fabric-rendering-v0, fabric-rendering-data-attachment-v1, fabric-command-api-v1, fabric-gametest-api-v1, fabric-api-base, fabric-entity-events-v1, fabric-registry-sync-v0, fabric-transitive-access-wideners-v1, fabric-api, fabric-sound-api-v1, fabric-game-rule-api-v1, ersambucone, fabric-model-loading-api-v1, fabric-item-group-api-v1, fabric-item-api-v1, fabric-command-api-v2, fabric-models-v0, fabric-events-interaction-v0, fabric-keybindings-v0, fabric-events-lifecycle-v0, fabric-data-generation-api-v1, fabric-lifecycle-events-v1, fabric-renderer-registries-v1, fabricloader, fabric-client-tags-api-v1, fabric-dimensions-v1, fabric-message-api-v1, fabric-networking-api-v1, fabric-convention-tags-v1, fabric-resource-conditions-api-v1, fabric-containers-v0, fabric-commands-v0, fabric-key-binding-api-v1, fabric-transfer-api-v1, fabric-particles-v1, fabric-api-lookup-api-v1, fabric-screen-handler-api-v1, fabric-rendering-v1, fabric-mining-level-api-v1, fabric-screen-api-v1, fabric-block-view-api-v2, fabric-blockrenderlayer-v1, fabric-resource-loader-v0, fabric-renderer-indigo)
[20:55:33] [Worker-Main-5/INFO] (Minecraft) Found unifont_all_no_pua-15.1.04.hex, loading
[20:55:35] [Render thread/WARN] (Minecraft) Missing sound for event: minecraft:item.goat_horn.play
[20:55:35] [Render thread/WARN] (Minecraft) Missing sound for event: minecraft:entity.goat.screaming.horn_break
[20:55:35] [Render thread/WARN] (Minecraft) Missing sound for event: minecraft:entity.generic.wind_burst
[20:55:35] [Render thread/INFO] (Minecraft) OpenAL initialized on device OpenAL Soft on Altoparlanti (Razer Barracuda X 2.4)
[20:55:35] [Render thread/INFO] (Minecraft) Sound engine started
[20:55:35] [Render thread/INFO] (Minecraft) Created: 1024x512x4 minecraft:textures/atlas/blocks.png-atlas
[20:55:35] [Render thread/INFO] (Minecraft) Created: 256x256x4 minecraft:textures/atlas/signs.png-atlas
[20:55:35] [Render thread/INFO] (Minecraft) Created: 512x512x4 minecraft:textures/atlas/banner_patterns.png-atlas
[20:55:35] [Render thread/INFO] (Minecraft) Created: 512x512x4 minecraft:textures/atlas/shield_patterns.png-atlas
[20:55:35] [Render thread/INFO] (Minecraft) Created: 1024x1024x4 minecraft:textures/atlas/armor_trims.png-atlas
[20:55:35] [Render thread/INFO] (Minecraft) Created: 128x64x4 minecraft:textures/atlas/decorated_pot.png-atlas
[20:55:35] [Render thread/INFO] (Minecraft) Created: 256x256x4 minecraft:textures/atlas/chest.png-atlas
[20:55:35] [Render thread/INFO] (Minecraft) Created: 512x256x4 minecraft:textures/atlas/shulker_boxes.png-atlas
[20:55:35] [Render thread/INFO] (Minecraft) Created: 512x256x4 minecraft:textures/atlas/beds.png-atlas
[20:55:36] [Render thread/WARN] (Minecraft) Shader rendertype_entity_translucent_emissive could not find sampler named Sampler2 in the specified shader program.
[20:55:36] [Render thread/INFO] (Minecraft) Created: 512x256x0 minecraft:textures/atlas/particles.png-atlas
[20:55:36] [Render thread/INFO] (Minecraft) Created: 256x256x0 minecraft:textures/atlas/paintings.png-atlas
[20:55:36] [Render thread/INFO] (Minecraft) Created: 128x128x0 minecraft:textures/atlas/mob_effects.png-atlas
[20:55:36] [Render thread/INFO] (Minecraft) Created: 1024x512x0 minecraft:textures/atlas/gui.png-atlas
[20:55:36] [IO-Worker-1/INFO] (Minecraft) Could not authorize you against Realms server: Invalid session id
[20:55:36] [IO-Worker-1/ERROR] (Minecraft) Couldn't connect to realms
net.minecraft.client.realms.exception.RealmsServiceException: Realms authentication error with message 'Invalid session id'
	at net.minecraft.client.realms.RealmsClient.execute(RealmsClient.java:447) ~[minecraft-merged-1f338b2c9f-1.20.4-net.fabricmc.yarn.1_20_4.1.20.4+build.3-v2.jar:?]
	at net.minecraft.client.realms.RealmsClient.clientCompatible(RealmsClient.java:232) ~[minecraft-merged-1f338b2c9f-1.20.4-net.fabricmc.yarn.1_20_4.1.20.4+build.3-v2.jar:?]
	at net.minecraft.client.realms.RealmsAvailability.method_52627(RealmsAvailability.java:45) ~[minecraft-merged-1f338b2c9f-1.20.4-net.fabricmc.yarn.1_20_4.1.20.4+build.3-v2.jar:?]
	at java.util.concurrent.CompletableFuture$AsyncSupply.run(CompletableFuture.java:1768) ~[?:?]
	at java.util.concurrent.ThreadPoolExecutor.runWorker(ThreadPoolExecutor.java:1136) ~[?:?]
	at java.util.concurrent.ThreadPoolExecutor$Worker.run(ThreadPoolExecutor.java:635) ~[?:?]
	at java.lang.Thread.run(Thread.java:840) ~[?:?]
[20:56:39] [Render thread/INFO] (Minecraft) Loaded 7 recipes
[20:56:39] [Render thread/INFO] (Minecraft) Loaded 1271 advancements
[20:56:39] [Render thread/INFO] (BiomeModificationImpl) Applied 0 biome modifications to 0 of 64 new biomes in 1.803 ms
[20:56:39] [Server thread/INFO] (Minecraft) Starting integrated minecraft server version 1.20.4
[20:56:39] [Server thread/INFO] (Minecraft) Generating keypair
[20:56:41] [Server thread/INFO] (Minecraft) Preparing start region for dimension minecraft:overworld
[20:56:43] [Render thread/INFO] (Minecraft) Preparing spawn area: 0%
[20:56:43] [Render thread/INFO] (Minecraft) Preparing spawn area: 0%
[20:56:43] [Render thread/INFO] (Minecraft) Preparing spawn area: 0%
[20:56:43] [Render thread/INFO] (Minecraft) Preparing spawn area: 0%
[20:56:43] [Render thread/INFO] (Minecraft) Preparing spawn area: 0%
[20:56:43] [Render thread/INFO] (Minecraft) Preparing spawn area: 0%
[20:56:44] [Render thread/INFO] (Minecraft) Preparing spawn area: 30%
[20:56:44] [Render thread/INFO] (Minecraft) Time elapsed: 3388 ms
[20:56:44] [Server thread/INFO] (Minecraft) Changing view distance to 12, from 10
[20:56:44] [Server thread/INFO] (Minecraft) Changing simulation distance to 12, from 0
[20:56:45] [Server thread/INFO] (Minecraft) Player815[local:E:6feaf0a7] logged in with entity id 72 at (27.986292948706332, 77.0, 166.58320776740845)
[20:56:45] [Server thread/INFO] (Minecraft) Player815 joined the game
[20:56:46] [Render thread/INFO] (Minecraft) Loaded 2 advancements
[20:56:47] [Server thread/INFO] (Minecraft) Saving and pausing game...
[20:56:47] [Server thread/INFO] (Minecraft) Saving chunks for level 'ServerLevel[New World]'/minecraft:overworld
[20:56:47] [Server thread/INFO] (Minecraft) Saving chunks for level 'ServerLevel[New World]'/minecraft:the_nether
[20:56:47] [Server thread/INFO] (Minecraft) Saving chunks for level 'ServerLevel[New World]'/minecraft:the_end
[20:58:08] [Render thread/INFO] (Minecraft) [STDOUT]: [2025-06-03 20:58:08] [INFO] [ErSambucone] Initializing GUI Manager
[20:58:08] [Render thread/INFO] (Minecraft) [STDOUT]: [2025-06-03 20:58:08] [INFO] [ErSambucone] Initializing browser component for Er Sambucone GUI
[20:58:08] [Render thread/INFO] (Minecraft) [STDOUT]: [2025-06-03 20:58:08] [INFO] [ErSambucone] HTML content length: 32914
[20:58:08] [Render thread/INFO] (Minecraft) [STDOUT]: [2025-06-03 20:58:08] [INFO] [ErSambucone] Registered JavaScript callbacks for Er Sambucone GUI
[20:58:08] [Render thread/INFO] (Minecraft) [STDOUT]: [2025-06-03 20:58:08] [INFO] [ErSambucone] Loading modules into GUI:
[20:58:08] [Render thread/INFO] (Minecraft) [STDOUT]: [2025-06-03 20:58:08] [INFO] [ErSambucone] Category: Utility
[20:58:08] [Render thread/INFO] (Minecraft) [STDOUT]: [2025-06-03 20:58:08] [INFO] [ErSambucone]   - ChatLogger (disabled)
[20:58:08] [Render thread/INFO] (Minecraft) [STDOUT]: [2025-06-03 20:58:08] [INFO] [ErSambucone]   - CommandSystem (disabled)
[20:58:08] [Render thread/INFO] (Minecraft) [STDOUT]: [2025-06-03 20:58:08] [INFO] [ErSambucone]   - InventoryUtils (disabled)
[20:58:08] [Render thread/INFO] (Minecraft) [STDOUT]: [2025-06-03 20:58:08] [INFO] [ErSambucone] Category: Automation
[20:58:08] [Render thread/INFO] (Minecraft) [STDOUT]: [2025-06-03 20:58:08] [INFO] [ErSambucone]   - BuildHelper (disabled)
[20:58:08] [Render thread/INFO] (Minecraft) [STDOUT]: [2025-06-03 20:58:08] [INFO] [ErSambucone]   - MacroEngine (disabled)
[20:58:08] [Render thread/INFO] (Minecraft) [STDOUT]: [2025-06-03 20:58:08] [INFO] [ErSambucone]   - SmartClicker (disabled)
[20:58:08] [Render thread/INFO] (Minecraft) [STDOUT]: [2025-06-03 20:58:08] [INFO] [ErSambucone] Category: Rewards
[20:58:08] [Render thread/INFO] (Minecraft) [STDOUT]: [2025-06-03 20:58:08] [INFO] [ErSambucone]   - RewardTracker (disabled)
[20:58:08] [Render thread/INFO] (Minecraft) [STDOUT]: [2025-06-03 20:58:08] [INFO] [ErSambucone]   - GiftAutomation (disabled)
[20:58:08] [Render thread/INFO] (Minecraft) [STDOUT]: [2025-06-03 20:58:08] [INFO] [ErSambucone] Category: Cosmetics
[20:58:08] [Render thread/INFO] (Minecraft) [STDOUT]: [2025-06-03 20:58:08] [INFO] [ErSambucone]   - CapeSystem (disabled)
[20:58:08] [Render thread/INFO] (Minecraft) [STDOUT]: [2025-06-03 20:58:08] [INFO] [ErSambucone]   - ParticleFX (disabled)
[20:58:08] [Render thread/INFO] (Minecraft) [STDOUT]: [2025-06-03 20:58:08] [INFO] [ErSambucone] Category: Monitoring
[20:58:08] [Render thread/INFO] (Minecraft) [STDOUT]: [2025-06-03 20:58:08] [INFO] [ErSambucone]   - StaffRadar (disabled)
[20:58:08] [Render thread/INFO] (Minecraft) [STDOUT]: [2025-06-03 20:58:08] [INFO] [ErSambucone]   - FarmAnalytics (disabled)
[20:58:15] [Render thread/INFO] (Minecraft) [STDOUT]: [2025-06-03 20:58:15] [INFO] [ErSambucone] ChatLogger will log to file
[20:58:15] [Render thread/INFO] (Minecraft) [STDOUT]: [2025-06-03 20:58:15] [INFO] [ErSambucone] Filter mode: All
[20:58:15] [Render thread/INFO] (Minecraft) [STDOUT]: [2025-06-03 20:58:15] [INFO] [ErSambucone] Toggled module: ChatLogger to enabled
[20:58:17] [Render thread/INFO] (Minecraft) [STDOUT]: [2025-06-03 20:58:17] [INFO] [ErSambucone] Toggled module: ChatLogger to disabled
[20:59:31] [Render thread/INFO] (Minecraft) [STDOUT]: [2025-06-03 20:59:31] [INFO] [ErSambucone] RewardTracker will show notifications
[20:59:31] [Render thread/INFO] (Minecraft) [STDOUT]: [2025-06-03 20:59:31] [INFO] [ErSambucone] RewardTracker will not automatically claim rewards
[20:59:31] [Render thread/INFO] (Minecraft) [STDOUT]: [2025-06-03 20:59:31] [INFO] [ErSambucone] Toggled module: RewardTracker to enabled
[20:59:33] [Render thread/INFO] (Minecraft) [STDOUT]: [2025-06-03 20:59:33] [INFO] [ErSambucone] Toggled module: RewardTracker to disabled
[20:59:50] [Render thread/INFO] (Minecraft) [STDOUT]: [2025-06-03 20:59:50] [INFO] [ErSambucone] CPS: 8
[20:59:50] [Render thread/INFO] (Minecraft) [STDOUT]: [2025-06-03 20:59:50] [INFO] [ErSambucone] Randomize CPS: enabled
[20:59:50] [Render thread/INFO] (Minecraft) [STDOUT]: [2025-06-03 20:59:50] [INFO] [ErSambucone] Toggled module: SmartClicker to enabled
[20:59:51] [Render thread/INFO] (Minecraft) [STDOUT]: [2025-06-03 20:59:51] [INFO] [ErSambucone] Toggled module: SmartClicker to disabled
[21:00:55] [Render thread/INFO] (Minecraft) [STDOUT]: [2025-06-03 21:00:55] [INFO] [ErSambucone] RewardTracker will show notifications
[21:00:55] [Render thread/INFO] (Minecraft) [STDOUT]: [2025-06-03 21:00:55] [INFO] [ErSambucone] RewardTracker will not automatically claim rewards
[21:00:55] [Render thread/INFO] (Minecraft) [STDOUT]: [2025-06-03 21:00:55] [INFO] [ErSambucone] Toggled module: RewardTracker to enabled
[21:00:55] [Render thread/INFO] (Minecraft) [STDOUT]: [2025-06-03 21:00:55] [INFO] [ErSambucone] Toggled module: RewardTracker to disabled
[21:00:56] [Render thread/INFO] (Minecraft) [STDOUT]: [2025-06-03 21:00:56] [INFO] [ErSambucone] GiftAutomation will automatically thank for gifts
[21:00:56] [Render thread/INFO] (Minecraft) [STDOUT]: [2025-06-03 21:00:56] [INFO] [ErSambucone] Thank message: Thanks!
[21:00:56] [Render thread/INFO] (Minecraft) [STDOUT]: [2025-06-03 21:00:56] [INFO] [ErSambucone] Toggled module: GiftAutomation to enabled
[21:00:56] [Render thread/INFO] (Minecraft) [STDOUT]: [2025-06-03 21:00:56] [INFO] [ErSambucone] Toggled module: GiftAutomation to disabled
[21:00:57] [Render thread/INFO] (Minecraft) [STDOUT]: [2025-06-03 21:00:57] [INFO] [ErSambucone] Build mode: Circle
[21:00:57] [Render thread/INFO] (Minecraft) [STDOUT]: [2025-06-03 21:00:57] [INFO] [ErSambucone] Radius: 5
[21:00:57] [Render thread/INFO] (Minecraft) [STDOUT]: [2025-06-03 21:00:57] [INFO] [ErSambucone] Toggled module: BuildHelper to enabled
[21:00:57] [Render thread/INFO] (Minecraft) [STDOUT]: [2025-06-03 21:00:57] [INFO] [ErSambucone] Toggled module: BuildHelper to disabled
[21:00:58] [Render thread/INFO] (Minecraft) [STDOUT]: [2025-06-03 21:00:58] [INFO] [ErSambucone] Repeat count: 10
[21:00:58] [Render thread/INFO] (Minecraft) [STDOUT]: [2025-06-03 21:00:58] [INFO] [ErSambucone] Delay: 200ms
[21:00:58] [Render thread/INFO] (Minecraft) [STDOUT]: [2025-06-03 21:00:58] [INFO] [ErSambucone] Toggled module: MacroEngine to enabled
[21:00:58] [Render thread/INFO] (Minecraft) [STDOUT]: [2025-06-03 21:00:58] [INFO] [ErSambucone] Toggled module: MacroEngine to disabled
[21:01:00] [Render thread/INFO] (Minecraft) [STDOUT]: [2025-06-03 21:01:00] [INFO] [ErSambucone] CPS: 8
[21:01:00] [Render thread/INFO] (Minecraft) [STDOUT]: [2025-06-03 21:01:00] [INFO] [ErSambucone] Randomize CPS: enabled
[21:01:00] [Render thread/INFO] (Minecraft) [STDOUT]: [2025-06-03 21:01:00] [INFO] [ErSambucone] Toggled module: SmartClicker to enabled
[21:01:02] [Render thread/INFO] (Minecraft) [STDOUT]: [2025-06-03 21:01:02] [INFO] [ErSambucone] Toggled module: SmartClicker to disabled
[21:01:05] [Render thread/INFO] (Minecraft) Stopping!
[21:01:05] [Render thread/INFO] (Minecraft) [STDOUT]: [2025-06-03 21:01:05] [INFO] [ErSambucone] Shutting down Er Sambucone Client...
[21:01:05] [Render thread/INFO] (Minecraft) [STDOUT]: [2025-06-03 21:01:05] [INFO] [ErSambucone] Saving configurations...
[21:01:05] [Server thread/INFO] (Minecraft) Player815 lost connection: Disconnected
[21:01:05] [Server thread/INFO] (Minecraft) Player815 left the game
[21:01:05] [Server thread/INFO] (Minecraft) Stopping singleplayer server as player logged out
[21:01:05] [Server thread/INFO] (Minecraft) Stopping server
[21:01:05] [Server thread/INFO] (Minecraft) Saving players
[21:01:05] [Server thread/INFO] (Minecraft) Saving worlds
[21:01:05] [Server thread/INFO] (Minecraft) Saving chunks for level 'ServerLevel[New World]'/minecraft:overworld
[21:01:05] [Server thread/INFO] (Minecraft) Saving chunks for level 'ServerLevel[New World]'/minecraft:the_nether
[21:01:05] [Server thread/INFO] (Minecraft) Saving chunks for level 'ServerLevel[New World]'/minecraft:the_end
[21:01:05] [Server thread/INFO] (Minecraft) ThreadedAnvilChunkStorage (New World): All chunks are saved
[21:01:05] [Server thread/INFO] (Minecraft) ThreadedAnvilChunkStorage (DIM-1): All chunks are saved
[21:01:05] [Server thread/INFO] (Minecraft) ThreadedAnvilChunkStorage (DIM1): All chunks are saved
[21:01:05] [Server thread/INFO] (Minecraft) ThreadedAnvilChunkStorage: All dimensions are saved
